<?xml version="1.0" encoding="UTF-8"?>
<testng-results skipped="0" failed="0" total="1" passed="1">
  <reporter-output>
  </reporter-output>
  <suite name="Default suite" duration-ms="46741" started-at="2018-05-28T04:49:09Z" finished-at="2018-05-28T04:49:56Z">
    <groups>
    </groups>
    <test name="Default test" duration-ms="46741" started-at="2018-05-28T04:49:09Z" finished-at="2018-05-28T04:49:56Z">
      <class name="com.Test.Ebay.TestProject">
        <test-method status="PASS" signature="setup()[pri:0, instance:com.Test.Ebay.TestProject@174d20a]" name="setup" is-config="true" duration-ms="46522" started-at="2018-05-28T10:19:09Z" finished-at="2018-05-28T10:19:56Z">
          <reporter-output>
          </reporter-output>
        </test-method> <!-- setup -->
        <test-method status="PASS" signature="test_Scenario1_Pass()[pri:0, instance:com.Test.Ebay.TestProject@174d20a]" name="test_Scenario1_Pass" duration-ms="90" started-at="2018-05-28T10:19:56Z" finished-at="2018-05-28T10:19:56Z">
          <reporter-output>
          </reporter-output>
        </test-method> <!-- test_Scenario1_Pass -->
        <test-method status="PASS" signature="teardown()[pri:0, instance:com.Test.Ebay.TestProject@174d20a]" name="teardown" is-config="true" duration-ms="0" started-at="2018-05-28T10:19:56Z" finished-at="2018-05-28T10:19:56Z">
          <reporter-output>
          </reporter-output>
        </test-method> <!-- teardown -->
      </class> <!-- com.Test.Ebay.TestProject -->
    </test> <!-- Default test -->
  </suite> <!-- Default suite -->
</testng-results>
